May 28, 2024 4:07:23 PM edu.curtin.oose2024s1.assignment2.shop.Shop setupObservers
INFO: [Shop.java.setupObservers()] Setup observers
May 28, 2024 4:07:24 PM edu.curtin.oose2024s1.assignment2.shop.observers.DeliveryObserver observed
INFO: DeliveryCAN
May 28, 2024 4:07:24 PM edu.curtin.oose2024s1.assignment2.shop.observers.DropOffObserver observed
INFO: DropOffCAN
May 28, 2024 4:07:24 PM edu.curtin.oose2024s1.assignment2.shop.observers.PurchaseObserver observed
INFO: PurchaseCAN
May 28, 2024 4:07:24 PM edu.curtin.oose2024s1.assignment2.shop.observers.ServicingObserver observed
INFO: Executed inventory's serviceBikes()
May 28, 2024 4:07:24 PM edu.curtin.oose2024s1.assignment2.shop.Shop notifyObservers
INFO: [Shop.java.notifyObservers()] Notified observers
May 28, 2024 4:07:25 PM edu.curtin.oose2024s1.assignment2.shop.observers.DeliveryObserver observed
INFO: DeliveryCAN
May 28, 2024 4:07:25 PM edu.curtin.oose2024s1.assignment2.shop.observers.DropOffObserver observed
INFO: DropOffCAN
May 28, 2024 4:07:25 PM edu.curtin.oose2024s1.assignment2.shop.observers.PurchaseObserver observed
INFO: PurchaseCAN
May 28, 2024 4:07:25 PM edu.curtin.oose2024s1.assignment2.shop.observers.ServicingObserver observed
INFO: Executed inventory's serviceBikes()
May 28, 2024 4:07:25 PM edu.curtin.oose2024s1.assignment2.shop.Shop notifyObservers
INFO: [Shop.java.notifyObservers()] Notified observers
May 28, 2024 4:07:26 PM edu.curtin.oose2024s1.assignment2.shop.observers.DeliveryObserver observed
INFO: DeliveryCAN
May 28, 2024 4:07:26 PM edu.curtin.oose2024s1.assignment2.shop.observers.DropOffObserver observed
INFO: DropOffCAN
May 28, 2024 4:07:26 PM edu.curtin.oose2024s1.assignment2.shop.observers.PurchaseObserver observed
INFO: PurchaseCAN
May 28, 2024 4:07:26 PM edu.curtin.oose2024s1.assignment2.shop.observers.ServicingObserver observed
INFO: Executed inventory's serviceBikes()
May 28, 2024 4:07:26 PM edu.curtin.oose2024s1.assignment2.shop.Shop notifyObservers
INFO: [Shop.java.notifyObservers()] Notified observers
May 28, 2024 4:07:26 PM edu.curtin.oose2024s1.assignment2.shop.observers.DeliveryObserver observed
INFO: DeliveryCAN
May 28, 2024 4:07:26 PM edu.curtin.oose2024s1.assignment2.shop.observers.DropOffObserver observed
INFO: DropOffCAN
May 28, 2024 4:07:26 PM edu.curtin.oose2024s1.assignment2.shop.observers.PurchaseObserver observed
INFO: PurchaseCAN
May 28, 2024 4:07:26 PM edu.curtin.oose2024s1.assignment2.shop.observers.ServicingObserver observed
INFO: Executed inventory's serviceBikes()
May 28, 2024 4:07:26 PM edu.curtin.oose2024s1.assignment2.shop.Shop notifyObservers
INFO: [Shop.java.notifyObservers()] Notified observers
May 28, 2024 4:07:26 PM edu.curtin.oose2024s1.assignment2.message.Message createMessage
INFO: PurchaseInMsg created
May 28, 2024 4:07:26 PM edu.curtin.oose2024s1.assignment2.message.PurchaseInMsg execute
INFO: Purchase executed
May 28, 2024 4:07:26 PM edu.curtin.oose2024s1.assignment2.shop.Shop executeMessage
INFO: Executed a valid messsage
May 28, 2024 4:07:26 PM edu.curtin.oose2024s1.assignment2.shop.observers.DeliveryObserver observed
INFO: DeliveryCAN
May 28, 2024 4:07:26 PM edu.curtin.oose2024s1.assignment2.shop.observers.DropOffObserver observed
INFO: DropOffCAN
May 28, 2024 4:07:26 PM edu.curtin.oose2024s1.assignment2.shop.observers.PurchaseObserver observed
INFO: PurchaseCAN
May 28, 2024 4:07:26 PM edu.curtin.oose2024s1.assignment2.shop.observers.ServicingObserver observed
INFO: Executed inventory's serviceBikes()
May 28, 2024 4:07:26 PM edu.curtin.oose2024s1.assignment2.shop.Shop notifyObservers
INFO: [Shop.java.notifyObservers()] Notified observers
May 28, 2024 4:07:26 PM edu.curtin.oose2024s1.assignment2.message.Message createMessage
INFO: DeliveryMsg created
May 28, 2024 4:07:26 PM edu.curtin.oose2024s1.assignment2.message.PurchaseOnMsg execute
INFO: Purchase executed, bike added to pick-up
May 28, 2024 4:07:26 PM edu.curtin.oose2024s1.assignment2.shop.Shop executeMessage
INFO: Executed a valid messsage
May 28, 2024 4:07:26 PM edu.curtin.oose2024s1.assignment2.shop.observers.DeliveryObserver observed
INFO: DeliveryCAN
May 28, 2024 4:07:26 PM edu.curtin.oose2024s1.assignment2.shop.observers.DropOffObserver observed
INFO: DropOffCAN
May 28, 2024 4:07:26 PM edu.curtin.oose2024s1.assignment2.shop.observers.PurchaseObserver observed
INFO: PurchaseCAN
May 28, 2024 4:07:26 PM edu.curtin.oose2024s1.assignment2.shop.observers.ServicingObserver observed
INFO: Executed inventory's serviceBikes()
May 28, 2024 4:07:26 PM edu.curtin.oose2024s1.assignment2.shop.Shop notifyObservers
INFO: [Shop.java.notifyObservers()] Notified observers
May 28, 2024 4:07:26 PM edu.curtin.oose2024s1.assignment2.message.Message createMessage
INFO: DropOffMsg created
May 28, 2024 4:07:26 PM edu.curtin.oose2024s1.assignment2.message.DropOffMsg execute
INFO: Drop-Off executed
May 28, 2024 4:07:26 PM edu.curtin.oose2024s1.assignment2.shop.Shop executeMessage
INFO: Executed a valid messsage
May 28, 2024 4:07:27 PM edu.curtin.oose2024s1.assignment2.shop.observers.DeliveryObserver observed
INFO: DeliveryCAN
May 28, 2024 4:07:27 PM edu.curtin.oose2024s1.assignment2.shop.observers.DropOffObserver observed
INFO: DropOffCAN
May 28, 2024 4:07:27 PM edu.curtin.oose2024s1.assignment2.shop.observers.PurchaseObserver observed
INFO: PurchaseCAN
May 28, 2024 4:07:27 PM edu.curtin.oose2024s1.assignment2.shop.observers.ServicingObserver observed
INFO: Executed inventory's serviceBikes()
May 28, 2024 4:07:27 PM edu.curtin.oose2024s1.assignment2.shop.Shop notifyObservers
INFO: [Shop.java.notifyObservers()] Notified observers
May 28, 2024 4:07:27 PM edu.curtin.oose2024s1.assignment2.shop.observers.DeliveryObserver observed
INFO: DeliveryCAN
May 28, 2024 4:07:27 PM edu.curtin.oose2024s1.assignment2.shop.observers.DropOffObserver observed
INFO: DropOffCAN
May 28, 2024 4:07:27 PM edu.curtin.oose2024s1.assignment2.shop.observers.PurchaseObserver observed
INFO: PurchaseCAN
May 28, 2024 4:07:27 PM edu.curtin.oose2024s1.assignment2.shop.observers.ServicingObserver observed
INFO: Executed inventory's serviceBikes()
May 28, 2024 4:07:27 PM edu.curtin.oose2024s1.assignment2.shop.Shop notifyObservers
INFO: [Shop.java.notifyObservers()] Notified observers
May 28, 2024 4:07:27 PM edu.curtin.oose2024s1.assignment2.message.Message createMessage
INFO: PickUpMsg created
May 28, 2024 4:07:27 PM edu.curtin.oose2024s1.assignment2.message.PickUpMsg execute
INFO: Drop-Off Failed, Bike unready
May 28, 2024 4:07:27 PM edu.curtin.oose2024s1.assignment2.shop.Shop executeMessage
INFO: Executed a valid messsage
May 28, 2024 4:07:27 PM edu.curtin.oose2024s1.assignment2.shop.observers.DeliveryObserver observed
INFO: DeliveryCAN
May 28, 2024 4:07:27 PM edu.curtin.oose2024s1.assignment2.shop.observers.DropOffObserver observed
INFO: DropOffCAN
May 28, 2024 4:07:27 PM edu.curtin.oose2024s1.assignment2.shop.observers.PurchaseObserver observed
INFO: PurchaseCAN
May 28, 2024 4:07:27 PM edu.curtin.oose2024s1.assignment2.shop.observers.ServicingObserver observed
INFO: Executed inventory's serviceBikes()
May 28, 2024 4:07:27 PM edu.curtin.oose2024s1.assignment2.shop.Shop notifyObservers
INFO: [Shop.java.notifyObservers()] Notified observers
May 28, 2024 4:07:27 PM edu.curtin.oose2024s1.assignment2.message.Message createMessage
INFO: Threw an invalid message exception
May 28, 2024 4:07:27 PM edu.curtin.oose2024s1.assignment2.shop.Shop executeMessage
INFO: FAILURE : Invalid Message
May 28, 2024 4:07:28 PM edu.curtin.oose2024s1.assignment2.shop.observers.DeliveryObserver observed
INFO: DeliveryCAN
May 28, 2024 4:07:28 PM edu.curtin.oose2024s1.assignment2.shop.observers.DropOffObserver observed
INFO: DropOffCAN
May 28, 2024 4:07:28 PM edu.curtin.oose2024s1.assignment2.shop.observers.PurchaseObserver observed
INFO: PurchaseCAN
May 28, 2024 4:07:28 PM edu.curtin.oose2024s1.assignment2.shop.observers.ServicingObserver observed
INFO: Executed inventory's serviceBikes()
May 28, 2024 4:07:28 PM edu.curtin.oose2024s1.assignment2.shop.Shop notifyObservers
INFO: [Shop.java.notifyObservers()] Notified observers
May 28, 2024 4:07:28 PM edu.curtin.oose2024s1.assignment2.shop.observers.DeliveryObserver observed
INFO: DeliveryCAN
May 28, 2024 4:07:28 PM edu.curtin.oose2024s1.assignment2.shop.observers.DropOffObserver observed
INFO: DropOffCAN
May 28, 2024 4:07:28 PM edu.curtin.oose2024s1.assignment2.shop.observers.PurchaseObserver observed
INFO: PurchaseCAN
May 28, 2024 4:07:28 PM edu.curtin.oose2024s1.assignment2.shop.observers.ServicingObserver observed
INFO: Executed inventory's serviceBikes()
May 28, 2024 4:07:28 PM edu.curtin.oose2024s1.assignment2.shop.Shop notifyObservers
INFO: [Shop.java.notifyObservers()] Notified observers
May 28, 2024 4:07:28 PM edu.curtin.oose2024s1.assignment2.message.Message createMessage
INFO: PurchaseInMsg created
May 28, 2024 4:07:28 PM edu.curtin.oose2024s1.assignment2.message.PurchaseInMsg execute
INFO: Purchase executed
May 28, 2024 4:07:28 PM edu.curtin.oose2024s1.assignment2.shop.Shop executeMessage
INFO: Executed a valid messsage
May 28, 2024 4:07:28 PM edu.curtin.oose2024s1.assignment2.shop.observers.DeliveryObserver observed
INFO: DeliveryCAN
May 28, 2024 4:07:28 PM edu.curtin.oose2024s1.assignment2.shop.observers.DropOffObserver observed
INFO: DropOffCAN
May 28, 2024 4:07:28 PM edu.curtin.oose2024s1.assignment2.shop.observers.PurchaseObserver observed
INFO: PurchaseCAN
May 28, 2024 4:07:28 PM edu.curtin.oose2024s1.assignment2.shop.observers.ServicingObserver observed
INFO: Executed inventory's serviceBikes()
May 28, 2024 4:07:28 PM edu.curtin.oose2024s1.assignment2.shop.Shop notifyObservers
INFO: [Shop.java.notifyObservers()] Notified observers
May 28, 2024 4:07:28 PM edu.curtin.oose2024s1.assignment2.message.Message createMessage
INFO: DeliveryMsg created
May 28, 2024 4:07:28 PM edu.curtin.oose2024s1.assignment2.message.PurchaseOnMsg execute
INFO: Purchase executed, bike added to pick-up
May 28, 2024 4:07:28 PM edu.curtin.oose2024s1.assignment2.shop.Shop executeMessage
INFO: Executed a valid messsage
May 28, 2024 4:07:28 PM edu.curtin.oose2024s1.assignment2.shop.observers.DeliveryObserver observed
INFO: DeliveryCAN
May 28, 2024 4:07:28 PM edu.curtin.oose2024s1.assignment2.shop.observers.DropOffObserver observed
INFO: DropOffCAN
May 28, 2024 4:07:28 PM edu.curtin.oose2024s1.assignment2.shop.observers.PurchaseObserver observed
INFO: PurchaseCAN
May 28, 2024 4:07:28 PM edu.curtin.oose2024s1.assignment2.shop.observers.ServicingObserver observed
INFO: Executed inventory's serviceBikes()
May 28, 2024 4:07:28 PM edu.curtin.oose2024s1.assignment2.shop.Shop notifyObservers
INFO: [Shop.java.notifyObservers()] Notified observers
May 28, 2024 4:07:28 PM edu.curtin.oose2024s1.assignment2.message.Message createMessage
INFO: DeliveryMsg created
May 28, 2024 4:07:28 PM edu.curtin.oose2024s1.assignment2.message.PurchaseOnMsg execute
INFO: Purchase executed, bike added to pick-up
May 28, 2024 4:07:28 PM edu.curtin.oose2024s1.assignment2.shop.Shop executeMessage
INFO: Executed a valid messsage
May 28, 2024 4:07:29 PM edu.curtin.oose2024s1.assignment2.shop.observers.DeliveryObserver observed
INFO: DeliveryCAN
May 28, 2024 4:07:29 PM edu.curtin.oose2024s1.assignment2.shop.observers.DropOffObserver observed
INFO: DropOffCAN
May 28, 2024 4:07:29 PM edu.curtin.oose2024s1.assignment2.shop.observers.PurchaseObserver observed
INFO: PurchaseCAN
May 28, 2024 4:07:29 PM edu.curtin.oose2024s1.assignment2.shop.observers.ServicingObserver observed
INFO: Executed inventory's serviceBikes()
May 28, 2024 4:07:29 PM edu.curtin.oose2024s1.assignment2.shop.Shop notifyObservers
INFO: [Shop.java.notifyObservers()] Notified observers
May 28, 2024 4:07:29 PM edu.curtin.oose2024s1.assignment2.shop.observers.DeliveryObserver observed
INFO: DeliveryCAN
May 28, 2024 4:07:29 PM edu.curtin.oose2024s1.assignment2.shop.observers.DropOffObserver observed
INFO: DropOffCAN
May 28, 2024 4:07:29 PM edu.curtin.oose2024s1.assignment2.shop.observers.PurchaseObserver observed
INFO: PurchaseCAN
May 28, 2024 4:07:29 PM edu.curtin.oose2024s1.assignment2.shop.observers.ServicingObserver observed
INFO: Executed inventory's serviceBikes()
May 28, 2024 4:07:29 PM edu.curtin.oose2024s1.assignment2.shop.Shop notifyObservers
INFO: [Shop.java.notifyObservers()] Notified observers
May 28, 2024 4:07:29 PM edu.curtin.oose2024s1.assignment2.message.Message createMessage
INFO: DeliveryMsg created
May 28, 2024 4:07:29 PM edu.curtin.oose2024s1.assignment2.message.PurchaseOnMsg execute
INFO: Purchase executed, bike added to pick-up
May 28, 2024 4:07:29 PM edu.curtin.oose2024s1.assignment2.shop.Shop executeMessage
INFO: Executed a valid messsage
May 28, 2024 4:07:29 PM edu.curtin.oose2024s1.assignment2.shop.observers.DeliveryObserver observed
INFO: DeliveryCAN
May 28, 2024 4:07:29 PM edu.curtin.oose2024s1.assignment2.shop.observers.DropOffObserver observed
INFO: DropOffCAN
May 28, 2024 4:07:29 PM edu.curtin.oose2024s1.assignment2.shop.observers.PurchaseObserver observed
INFO: PurchaseCAN
May 28, 2024 4:07:29 PM edu.curtin.oose2024s1.assignment2.shop.observers.ServicingObserver observed
INFO: Executed inventory's serviceBikes()
May 28, 2024 4:07:29 PM edu.curtin.oose2024s1.assignment2.shop.Shop notifyObservers
INFO: [Shop.java.notifyObservers()] Notified observers
May 28, 2024 4:07:29 PM edu.curtin.oose2024s1.assignment2.message.Message createMessage
INFO: DeliveryMsg created
May 28, 2024 4:07:29 PM edu.curtin.oose2024s1.assignment2.message.PurchaseOnMsg execute
INFO: Purchase executed, bike added to pick-up
May 28, 2024 4:07:29 PM edu.curtin.oose2024s1.assignment2.shop.Shop executeMessage
INFO: Executed a valid messsage
May 28, 2024 4:07:29 PM edu.curtin.oose2024s1.assignment2.shop.observers.DeliveryObserver observed
INFO: DeliveryCAN
May 28, 2024 4:07:29 PM edu.curtin.oose2024s1.assignment2.shop.observers.DropOffObserver observed
INFO: DropOffCAN
May 28, 2024 4:07:29 PM edu.curtin.oose2024s1.assignment2.shop.observers.PurchaseObserver observed
INFO: PurchaseCAN
May 28, 2024 4:07:29 PM edu.curtin.oose2024s1.assignment2.shop.observers.ServicingObserver observed
INFO: Executed inventory's serviceBikes()
May 28, 2024 4:07:29 PM edu.curtin.oose2024s1.assignment2.shop.Shop notifyObservers
INFO: [Shop.java.notifyObservers()] Notified observers
May 28, 2024 4:07:29 PM edu.curtin.oose2024s1.assignment2.message.Message createMessage
INFO: PickUpMsg created
May 28, 2024 4:07:29 PM edu.curtin.oose2024s1.assignment2.message.PickUpMsg execute
INFO: Pick Up executed
May 28, 2024 4:07:29 PM edu.curtin.oose2024s1.assignment2.shop.Shop executeMessage
INFO: Executed a valid messsage
May 28, 2024 4:07:30 PM edu.curtin.oose2024s1.assignment2.shop.observers.PaydayObserver observed
INFO: It's Payday!
May 28, 2024 4:07:30 PM edu.curtin.oose2024s1.assignment2.shop.observers.DeliveryObserver observed
INFO: DeliveryCAN
May 28, 2024 4:07:30 PM edu.curtin.oose2024s1.assignment2.shop.observers.DropOffObserver observed
INFO: DropOffCAN
May 28, 2024 4:07:30 PM edu.curtin.oose2024s1.assignment2.shop.observers.PurchaseObserver observed
INFO: PurchaseCAN
May 28, 2024 4:07:30 PM edu.curtin.oose2024s1.assignment2.shop.observers.ServicingObserver observed
INFO: Executed inventory's serviceBikes()
May 28, 2024 4:07:30 PM edu.curtin.oose2024s1.assignment2.shop.Shop notifyObservers
INFO: [Shop.java.notifyObservers()] Notified observers
May 28, 2024 4:07:31 PM edu.curtin.oose2024s1.assignment2.shop.observers.DeliveryObserver observed
INFO: DeliveryCAN
May 28, 2024 4:07:31 PM edu.curtin.oose2024s1.assignment2.shop.observers.DropOffObserver observed
INFO: DropOffCAN
May 28, 2024 4:07:31 PM edu.curtin.oose2024s1.assignment2.shop.observers.PurchaseObserver observed
INFO: PurchaseCAN
May 28, 2024 4:07:31 PM edu.curtin.oose2024s1.assignment2.shop.observers.ServicingObserver observed
INFO: Executed inventory's serviceBikes()
May 28, 2024 4:07:31 PM edu.curtin.oose2024s1.assignment2.shop.Shop notifyObservers
INFO: [Shop.java.notifyObservers()] Notified observers
May 28, 2024 4:07:31 PM edu.curtin.oose2024s1.assignment2.shop.observers.DeliveryObserver observed
INFO: DeliveryCAN
May 28, 2024 4:07:31 PM edu.curtin.oose2024s1.assignment2.shop.observers.DropOffObserver observed
INFO: DropOffCAN
May 28, 2024 4:07:31 PM edu.curtin.oose2024s1.assignment2.shop.observers.PurchaseObserver observed
INFO: PurchaseCAN
May 28, 2024 4:07:31 PM edu.curtin.oose2024s1.assignment2.shop.observers.ServicingObserver observed
INFO: Executed inventory's serviceBikes()
May 28, 2024 4:07:31 PM edu.curtin.oose2024s1.assignment2.shop.Shop notifyObservers
INFO: [Shop.java.notifyObservers()] Notified observers
May 28, 2024 4:07:31 PM edu.curtin.oose2024s1.assignment2.message.Message createMessage
INFO: DeliveryMsg created
May 28, 2024 4:07:31 PM edu.curtin.oose2024s1.assignment2.message.PurchaseOnMsg execute
INFO: Purchase executed, bike added to pick-up
May 28, 2024 4:07:31 PM edu.curtin.oose2024s1.assignment2.shop.Shop executeMessage
INFO: Executed a valid messsage
May 28, 2024 4:07:31 PM edu.curtin.oose2024s1.assignment2.shop.observers.DeliveryObserver observed
INFO: DeliveryCAN
May 28, 2024 4:07:31 PM edu.curtin.oose2024s1.assignment2.shop.observers.DropOffObserver observed
INFO: DropOffCAN
May 28, 2024 4:07:31 PM edu.curtin.oose2024s1.assignment2.shop.observers.PurchaseObserver observed
INFO: PurchaseCAN
May 28, 2024 4:07:31 PM edu.curtin.oose2024s1.assignment2.shop.observers.ServicingObserver observed
INFO: Executed inventory's serviceBikes()
May 28, 2024 4:07:31 PM edu.curtin.oose2024s1.assignment2.shop.Shop notifyObservers
INFO: [Shop.java.notifyObservers()] Notified observers
May 28, 2024 4:07:31 PM edu.curtin.oose2024s1.assignment2.message.Message createMessage
INFO: DeliveryMsg created
May 28, 2024 4:07:31 PM edu.curtin.oose2024s1.assignment2.message.PurchaseOnMsg execute
INFO: Purchase executed, bike added to pick-up
May 28, 2024 4:07:31 PM edu.curtin.oose2024s1.assignment2.shop.Shop executeMessage
INFO: Executed a valid messsage
May 28, 2024 4:07:31 PM edu.curtin.oose2024s1.assignment2.shop.observers.DeliveryObserver observed
INFO: DeliveryCAN
May 28, 2024 4:07:31 PM edu.curtin.oose2024s1.assignment2.shop.observers.DropOffObserver observed
INFO: DropOffCAN
May 28, 2024 4:07:31 PM edu.curtin.oose2024s1.assignment2.shop.observers.PurchaseObserver observed
INFO: PurchaseCAN
May 28, 2024 4:07:31 PM edu.curtin.oose2024s1.assignment2.shop.observers.ServicingObserver observed
INFO: Executed inventory's serviceBikes()
May 28, 2024 4:07:31 PM edu.curtin.oose2024s1.assignment2.shop.Shop notifyObservers
INFO: [Shop.java.notifyObservers()] Notified observers
May 28, 2024 4:07:31 PM edu.curtin.oose2024s1.assignment2.message.Message createMessage
INFO: DeliveryMsg created
May 28, 2024 4:07:31 PM edu.curtin.oose2024s1.assignment2.message.PurchaseOnMsg execute
INFO: Purchase executed, bike added to pick-up
May 28, 2024 4:07:31 PM edu.curtin.oose2024s1.assignment2.shop.Shop executeMessage
INFO: Executed a valid messsage
May 28, 2024 4:07:32 PM edu.curtin.oose2024s1.assignment2.shop.observers.DeliveryObserver observed
INFO: DeliveryCAN
May 28, 2024 4:07:32 PM edu.curtin.oose2024s1.assignment2.shop.observers.DropOffObserver observed
INFO: DropOffCAN
May 28, 2024 4:07:32 PM edu.curtin.oose2024s1.assignment2.shop.observers.PurchaseObserver observed
INFO: PurchaseCAN
May 28, 2024 4:07:32 PM edu.curtin.oose2024s1.assignment2.shop.observers.ServicingObserver observed
INFO: Executed inventory's serviceBikes()
May 28, 2024 4:07:32 PM edu.curtin.oose2024s1.assignment2.shop.Shop notifyObservers
INFO: [Shop.java.notifyObservers()] Notified observers
May 28, 2024 4:07:33 PM edu.curtin.oose2024s1.assignment2.shop.observers.DeliveryObserver observed
INFO: DeliveryCAN
May 28, 2024 4:07:33 PM edu.curtin.oose2024s1.assignment2.shop.observers.DropOffObserver observed
INFO: DropOffCAN
May 28, 2024 4:07:33 PM edu.curtin.oose2024s1.assignment2.shop.observers.PurchaseObserver observed
INFO: PurchaseCAN
May 28, 2024 4:07:33 PM edu.curtin.oose2024s1.assignment2.shop.observers.ServicingObserver observed
INFO: Executed inventory's serviceBikes()
May 28, 2024 4:07:33 PM edu.curtin.oose2024s1.assignment2.shop.Shop notifyObservers
INFO: [Shop.java.notifyObservers()] Notified observers
May 28, 2024 4:07:33 PM edu.curtin.oose2024s1.assignment2.shop.observers.DeliveryObserver observed
INFO: DeliveryCAN
May 28, 2024 4:07:33 PM edu.curtin.oose2024s1.assignment2.shop.observers.DropOffObserver observed
INFO: DropOffCAN
May 28, 2024 4:07:33 PM edu.curtin.oose2024s1.assignment2.shop.observers.PurchaseObserver observed
INFO: PurchaseCAN
May 28, 2024 4:07:33 PM edu.curtin.oose2024s1.assignment2.shop.observers.ServicingObserver observed
INFO: Executed inventory's serviceBikes()
May 28, 2024 4:07:33 PM edu.curtin.oose2024s1.assignment2.shop.Shop notifyObservers
INFO: [Shop.java.notifyObservers()] Notified observers
May 28, 2024 4:07:33 PM edu.curtin.oose2024s1.assignment2.message.Message createMessage
INFO: PickUpMsg created
May 28, 2024 4:07:33 PM edu.curtin.oose2024s1.assignment2.message.PickUpMsg execute
INFO: Pick Up executed
May 28, 2024 4:07:33 PM edu.curtin.oose2024s1.assignment2.shop.Shop executeMessage
INFO: Executed a valid messsage
May 28, 2024 4:07:33 PM edu.curtin.oose2024s1.assignment2.shop.observers.DeliveryObserver observed
INFO: DeliveryCAN
May 28, 2024 4:07:33 PM edu.curtin.oose2024s1.assignment2.shop.observers.DropOffObserver observed
INFO: DropOffCAN
May 28, 2024 4:07:33 PM edu.curtin.oose2024s1.assignment2.shop.observers.PurchaseObserver observed
INFO: PurchaseCAN
May 28, 2024 4:07:33 PM edu.curtin.oose2024s1.assignment2.shop.observers.ServicingObserver observed
INFO: Executed inventory's serviceBikes()
May 28, 2024 4:07:33 PM edu.curtin.oose2024s1.assignment2.shop.Shop notifyObservers
INFO: [Shop.java.notifyObservers()] Notified observers
May 28, 2024 4:07:33 PM edu.curtin.oose2024s1.assignment2.message.Message createMessage
INFO: PickUpMsg created
May 28, 2024 4:07:33 PM edu.curtin.oose2024s1.assignment2.message.PickUpMsg execute
INFO: Pick Up executed
May 28, 2024 4:07:33 PM edu.curtin.oose2024s1.assignment2.shop.Shop executeMessage
INFO: Executed a valid messsage
May 28, 2024 4:07:34 PM edu.curtin.oose2024s1.assignment2.shop.observers.DeliveryObserver observed
INFO: DeliveryCAN
May 28, 2024 4:07:34 PM edu.curtin.oose2024s1.assignment2.shop.observers.DropOffObserver observed
INFO: DropOffCAN
May 28, 2024 4:07:34 PM edu.curtin.oose2024s1.assignment2.shop.observers.PurchaseObserver observed
INFO: PurchaseCAN
May 28, 2024 4:07:34 PM edu.curtin.oose2024s1.assignment2.shop.observers.ServicingObserver observed
INFO: Executed inventory's serviceBikes()
May 28, 2024 4:07:34 PM edu.curtin.oose2024s1.assignment2.shop.Shop notifyObservers
INFO: [Shop.java.notifyObservers()] Notified observers
May 28, 2024 4:07:34 PM edu.curtin.oose2024s1.assignment2.shop.observers.DeliveryObserver observed
INFO: DeliveryCAN
May 28, 2024 4:07:34 PM edu.curtin.oose2024s1.assignment2.shop.observers.DropOffObserver observed
INFO: DropOffCAN
May 28, 2024 4:07:34 PM edu.curtin.oose2024s1.assignment2.shop.observers.PurchaseObserver observed
INFO: PurchaseCAN
May 28, 2024 4:07:34 PM edu.curtin.oose2024s1.assignment2.shop.observers.ServicingObserver observed
INFO: Executed inventory's serviceBikes()
May 28, 2024 4:07:34 PM edu.curtin.oose2024s1.assignment2.shop.Shop notifyObservers
INFO: [Shop.java.notifyObservers()] Notified observers
May 28, 2024 4:07:34 PM edu.curtin.oose2024s1.assignment2.message.Message createMessage
INFO: DeliveryMsg created
May 28, 2024 4:07:34 PM edu.curtin.oose2024s1.assignment2.message.PurchaseOnMsg execute
INFO: Purchase executed, bike added to pick-up
May 28, 2024 4:07:34 PM edu.curtin.oose2024s1.assignment2.shop.Shop executeMessage
INFO: Executed a valid messsage
May 28, 2024 4:07:34 PM edu.curtin.oose2024s1.assignment2.shop.observers.DeliveryObserver observed
INFO: DeliveryCAN
May 28, 2024 4:07:34 PM edu.curtin.oose2024s1.assignment2.shop.observers.DropOffObserver observed
INFO: DropOffCAN
May 28, 2024 4:07:34 PM edu.curtin.oose2024s1.assignment2.shop.observers.PurchaseObserver observed
INFO: PurchaseCAN
May 28, 2024 4:07:34 PM edu.curtin.oose2024s1.assignment2.shop.observers.ServicingObserver observed
INFO: Executed inventory's serviceBikes()
May 28, 2024 4:07:34 PM edu.curtin.oose2024s1.assignment2.shop.Shop notifyObservers
INFO: [Shop.java.notifyObservers()] Notified observers
May 28, 2024 4:07:34 PM edu.curtin.oose2024s1.assignment2.message.Message createMessage
INFO: DeliveryMsg created
May 28, 2024 4:07:34 PM edu.curtin.oose2024s1.assignment2.message.PurchaseOnMsg execute
INFO: Purchase executed, bike added to pick-up
May 28, 2024 4:07:34 PM edu.curtin.oose2024s1.assignment2.shop.Shop executeMessage
INFO: Executed a valid messsage
May 28, 2024 4:07:35 PM edu.curtin.oose2024s1.assignment2.shop.observers.DeliveryObserver observed
INFO: DeliveryCAN
May 28, 2024 4:07:35 PM edu.curtin.oose2024s1.assignment2.shop.observers.DropOffObserver observed
INFO: DropOffCAN
May 28, 2024 4:07:35 PM edu.curtin.oose2024s1.assignment2.shop.observers.PurchaseObserver observed
INFO: PurchaseCAN
May 28, 2024 4:07:35 PM edu.curtin.oose2024s1.assignment2.shop.observers.ServicingObserver observed
INFO: Executed inventory's serviceBikes()
May 28, 2024 4:07:35 PM edu.curtin.oose2024s1.assignment2.shop.Shop notifyObservers
INFO: [Shop.java.notifyObservers()] Notified observers
May 28, 2024 4:07:36 PM edu.curtin.oose2024s1.assignment2.shop.observers.DeliveryObserver observed
INFO: DeliveryCAN
May 28, 2024 4:07:36 PM edu.curtin.oose2024s1.assignment2.shop.observers.DropOffObserver observed
INFO: DropOffCAN
May 28, 2024 4:07:36 PM edu.curtin.oose2024s1.assignment2.shop.observers.PurchaseObserver observed
INFO: PurchaseCAN
May 28, 2024 4:07:36 PM edu.curtin.oose2024s1.assignment2.shop.observers.ServicingObserver observed
INFO: Executed inventory's serviceBikes()
May 28, 2024 4:07:36 PM edu.curtin.oose2024s1.assignment2.shop.Shop notifyObservers
INFO: [Shop.java.notifyObservers()] Notified observers
May 28, 2024 4:07:36 PM edu.curtin.oose2024s1.assignment2.shop.observers.DeliveryObserver observed
INFO: DeliveryCAN
May 28, 2024 4:07:36 PM edu.curtin.oose2024s1.assignment2.shop.observers.DropOffObserver observed
INFO: DropOffCAN
May 28, 2024 4:07:36 PM edu.curtin.oose2024s1.assignment2.shop.observers.PurchaseObserver observed
INFO: PurchaseCAN
May 28, 2024 4:07:36 PM edu.curtin.oose2024s1.assignment2.shop.observers.ServicingObserver observed
INFO: Executed inventory's serviceBikes()
May 28, 2024 4:07:36 PM edu.curtin.oose2024s1.assignment2.shop.Shop notifyObservers
INFO: [Shop.java.notifyObservers()] Notified observers
May 28, 2024 4:07:36 PM edu.curtin.oose2024s1.assignment2.message.Message createMessage
INFO: DeliveryMsg created
May 28, 2024 4:07:36 PM edu.curtin.oose2024s1.assignment2.message.DeliveryMsg execute
INFO: Delivery executed
May 28, 2024 4:07:36 PM edu.curtin.oose2024s1.assignment2.shop.Shop executeMessage
INFO: Executed a valid messsage
May 28, 2024 4:07:36 PM edu.curtin.oose2024s1.assignment2.shop.observers.DeliveryObserver observed
INFO: DeliveryCAN
May 28, 2024 4:07:36 PM edu.curtin.oose2024s1.assignment2.shop.observers.DropOffObserver observed
INFO: DropOffCAN
May 28, 2024 4:07:36 PM edu.curtin.oose2024s1.assignment2.shop.observers.PurchaseObserver observed
INFO: PurchaseCAN
May 28, 2024 4:07:36 PM edu.curtin.oose2024s1.assignment2.shop.observers.ServicingObserver observed
INFO: Executed inventory's serviceBikes()
May 28, 2024 4:07:36 PM edu.curtin.oose2024s1.assignment2.shop.Shop notifyObservers
INFO: [Shop.java.notifyObservers()] Notified observers
May 28, 2024 4:07:36 PM edu.curtin.oose2024s1.assignment2.message.Message createMessage
INFO: DeliveryMsg created
May 28, 2024 4:07:36 PM edu.curtin.oose2024s1.assignment2.message.PurchaseOnMsg execute
INFO: Purchase executed, bike added to pick-up
May 28, 2024 4:07:36 PM edu.curtin.oose2024s1.assignment2.shop.Shop executeMessage
INFO: Executed a valid messsage
May 28, 2024 4:07:36 PM edu.curtin.oose2024s1.assignment2.shop.observers.DeliveryObserver observed
INFO: DeliveryCAN
May 28, 2024 4:07:36 PM edu.curtin.oose2024s1.assignment2.shop.observers.DropOffObserver observed
INFO: DropOffCAN
May 28, 2024 4:07:36 PM edu.curtin.oose2024s1.assignment2.shop.observers.PurchaseObserver observed
INFO: PurchaseCAN
May 28, 2024 4:07:36 PM edu.curtin.oose2024s1.assignment2.shop.observers.ServicingObserver observed
INFO: Executed inventory's serviceBikes()
May 28, 2024 4:07:36 PM edu.curtin.oose2024s1.assignment2.shop.Shop notifyObservers
INFO: [Shop.java.notifyObservers()] Notified observers
May 28, 2024 4:07:36 PM edu.curtin.oose2024s1.assignment2.message.Message createMessage
INFO: PickUpMsg created
May 28, 2024 4:07:36 PM edu.curtin.oose2024s1.assignment2.message.PickUpMsg execute
INFO: Pick Up executed
May 28, 2024 4:07:36 PM edu.curtin.oose2024s1.assignment2.shop.Shop executeMessage
INFO: Executed a valid messsage
May 28, 2024 4:07:37 PM edu.curtin.oose2024s1.assignment2.shop.observers.PaydayObserver observed
INFO: It's Payday!
May 28, 2024 4:07:37 PM edu.curtin.oose2024s1.assignment2.shop.observers.DeliveryObserver observed
INFO: DeliveryCAN
May 28, 2024 4:07:37 PM edu.curtin.oose2024s1.assignment2.shop.observers.DropOffObserver observed
INFO: DropOffCAN
May 28, 2024 4:07:37 PM edu.curtin.oose2024s1.assignment2.shop.observers.PurchaseObserver observed
INFO: PurchaseCAN
May 28, 2024 4:07:37 PM edu.curtin.oose2024s1.assignment2.shop.observers.ServicingObserver observed
INFO: Executed inventory's serviceBikes()
May 28, 2024 4:07:37 PM edu.curtin.oose2024s1.assignment2.shop.Shop notifyObservers
INFO: [Shop.java.notifyObservers()] Notified observers
May 28, 2024 4:07:38 PM edu.curtin.oose2024s1.assignment2.shop.observers.DeliveryObserver observed
INFO: DeliveryCAN
May 28, 2024 4:07:38 PM edu.curtin.oose2024s1.assignment2.shop.observers.DropOffObserver observed
INFO: DropOffCAN
May 28, 2024 4:07:38 PM edu.curtin.oose2024s1.assignment2.shop.observers.PurchaseObserver observed
INFO: PurchaseCAN
May 28, 2024 4:07:38 PM edu.curtin.oose2024s1.assignment2.shop.observers.ServicingObserver observed
INFO: Executed inventory's serviceBikes()
May 28, 2024 4:07:38 PM edu.curtin.oose2024s1.assignment2.shop.Shop notifyObservers
INFO: [Shop.java.notifyObservers()] Notified observers
May 28, 2024 4:07:38 PM edu.curtin.oose2024s1.assignment2.shop.observers.DeliveryObserver observed
INFO: DeliveryCAN
May 28, 2024 4:07:38 PM edu.curtin.oose2024s1.assignment2.shop.observers.DropOffObserver observed
INFO: DropOffCAN
May 28, 2024 4:07:38 PM edu.curtin.oose2024s1.assignment2.shop.observers.PurchaseObserver observed
INFO: PurchaseCAN
May 28, 2024 4:07:38 PM edu.curtin.oose2024s1.assignment2.shop.observers.ServicingObserver observed
INFO: Executed inventory's serviceBikes()
May 28, 2024 4:07:38 PM edu.curtin.oose2024s1.assignment2.shop.Shop notifyObservers
INFO: [Shop.java.notifyObservers()] Notified observers
May 28, 2024 4:07:38 PM edu.curtin.oose2024s1.assignment2.message.Message createMessage
INFO: DropOffMsg created
May 28, 2024 4:07:38 PM edu.curtin.oose2024s1.assignment2.message.DropOffMsg execute
INFO: Drop-Off executed
May 28, 2024 4:07:38 PM edu.curtin.oose2024s1.assignment2.shop.Shop executeMessage
INFO: Executed a valid messsage
May 28, 2024 4:07:39 PM edu.curtin.oose2024s1.assignment2.shop.observers.DeliveryObserver observed
INFO: DeliveryCAN
May 28, 2024 4:07:39 PM edu.curtin.oose2024s1.assignment2.shop.observers.DropOffObserver observed
INFO: DropOffCAN
May 28, 2024 4:07:39 PM edu.curtin.oose2024s1.assignment2.shop.observers.PurchaseObserver observed
INFO: PurchaseCAN
May 28, 2024 4:07:39 PM edu.curtin.oose2024s1.assignment2.shop.observers.ServicingObserver observed
INFO: Executed inventory's serviceBikes()
May 28, 2024 4:07:39 PM edu.curtin.oose2024s1.assignment2.shop.Shop notifyObservers
INFO: [Shop.java.notifyObservers()] Notified observers
May 28, 2024 4:07:40 PM edu.curtin.oose2024s1.assignment2.shop.observers.DeliveryObserver observed
INFO: DeliveryCAN
May 28, 2024 4:07:40 PM edu.curtin.oose2024s1.assignment2.shop.observers.DropOffObserver observed
INFO: DropOffCAN
May 28, 2024 4:07:40 PM edu.curtin.oose2024s1.assignment2.shop.observers.PurchaseObserver observed
INFO: PurchaseCAN
May 28, 2024 4:07:40 PM edu.curtin.oose2024s1.assignment2.shop.observers.ServicingObserver observed
INFO: Executed inventory's serviceBikes()
May 28, 2024 4:07:40 PM edu.curtin.oose2024s1.assignment2.shop.Shop notifyObservers
INFO: [Shop.java.notifyObservers()] Notified observers
May 28, 2024 4:07:40 PM edu.curtin.oose2024s1.assignment2.shop.observers.DeliveryObserver observed
INFO: DeliveryCAN
May 28, 2024 4:07:40 PM edu.curtin.oose2024s1.assignment2.shop.observers.DropOffObserver observed
INFO: DropOffCAN
May 28, 2024 4:07:40 PM edu.curtin.oose2024s1.assignment2.shop.observers.PurchaseObserver observed
INFO: PurchaseCAN
May 28, 2024 4:07:40 PM edu.curtin.oose2024s1.assignment2.shop.observers.ServicingObserver observed
INFO: Executed inventory's serviceBikes()
May 28, 2024 4:07:40 PM edu.curtin.oose2024s1.assignment2.shop.Shop notifyObservers
INFO: [Shop.java.notifyObservers()] Notified observers
May 28, 2024 4:07:40 PM edu.curtin.oose2024s1.assignment2.message.Message createMessage
INFO: PickUpMsg created
May 28, 2024 4:07:40 PM edu.curtin.oose2024s1.assignment2.message.PickUpMsg execute
INFO: Pick Up executed
May 28, 2024 4:07:40 PM edu.curtin.oose2024s1.assignment2.shop.Shop executeMessage
INFO: Executed a valid messsage
May 28, 2024 4:07:40 PM edu.curtin.oose2024s1.assignment2.shop.observers.DeliveryObserver observed
INFO: DeliveryCAN
May 28, 2024 4:07:40 PM edu.curtin.oose2024s1.assignment2.shop.observers.DropOffObserver observed
INFO: DropOffCAN
May 28, 2024 4:07:40 PM edu.curtin.oose2024s1.assignment2.shop.observers.PurchaseObserver observed
INFO: PurchaseCAN
May 28, 2024 4:07:40 PM edu.curtin.oose2024s1.assignment2.shop.observers.ServicingObserver observed
INFO: Executed inventory's serviceBikes()
May 28, 2024 4:07:40 PM edu.curtin.oose2024s1.assignment2.shop.Shop notifyObservers
INFO: [Shop.java.notifyObservers()] Notified observers
May 28, 2024 4:07:40 PM edu.curtin.oose2024s1.assignment2.message.Message createMessage
INFO: PurchaseInMsg created
May 28, 2024 4:07:40 PM edu.curtin.oose2024s1.assignment2.message.PurchaseInMsg execute
INFO: Purchase executed
May 28, 2024 4:07:40 PM edu.curtin.oose2024s1.assignment2.shop.Shop executeMessage
INFO: Executed a valid messsage
May 28, 2024 4:07:41 PM edu.curtin.oose2024s1.assignment2.shop.observers.DeliveryObserver observed
INFO: DeliveryCAN
May 28, 2024 4:07:41 PM edu.curtin.oose2024s1.assignment2.shop.observers.DropOffObserver observed
INFO: DropOffCAN
May 28, 2024 4:07:41 PM edu.curtin.oose2024s1.assignment2.shop.observers.PurchaseObserver observed
INFO: PurchaseCAN
May 28, 2024 4:07:41 PM edu.curtin.oose2024s1.assignment2.shop.observers.ServicingObserver observed
INFO: Executed inventory's serviceBikes()
May 28, 2024 4:07:41 PM edu.curtin.oose2024s1.assignment2.shop.Shop notifyObservers
INFO: [Shop.java.notifyObservers()] Notified observers
May 28, 2024 4:07:42 PM edu.curtin.oose2024s1.assignment2.shop.observers.DeliveryObserver observed
INFO: DeliveryCAN
May 28, 2024 4:07:42 PM edu.curtin.oose2024s1.assignment2.shop.observers.DropOffObserver observed
INFO: DropOffCAN
May 28, 2024 4:07:42 PM edu.curtin.oose2024s1.assignment2.shop.observers.PurchaseObserver observed
INFO: PurchaseCAN
May 28, 2024 4:07:42 PM edu.curtin.oose2024s1.assignment2.shop.observers.ServicingObserver observed
INFO: Executed inventory's serviceBikes()
May 28, 2024 4:07:42 PM edu.curtin.oose2024s1.assignment2.shop.Shop notifyObservers
INFO: [Shop.java.notifyObservers()] Notified observers
May 28, 2024 4:07:42 PM edu.curtin.oose2024s1.assignment2.shop.observers.DeliveryObserver observed
INFO: DeliveryCAN
May 28, 2024 4:07:42 PM edu.curtin.oose2024s1.assignment2.shop.observers.DropOffObserver observed
INFO: DropOffCAN
May 28, 2024 4:07:42 PM edu.curtin.oose2024s1.assignment2.shop.observers.PurchaseObserver observed
INFO: PurchaseCAN
May 28, 2024 4:07:42 PM edu.curtin.oose2024s1.assignment2.shop.observers.ServicingObserver observed
INFO: Executed inventory's serviceBikes()
May 28, 2024 4:07:42 PM edu.curtin.oose2024s1.assignment2.shop.Shop notifyObservers
INFO: [Shop.java.notifyObservers()] Notified observers
May 28, 2024 4:07:42 PM edu.curtin.oose2024s1.assignment2.message.Message createMessage
INFO: PickUpMsg created
May 28, 2024 4:07:42 PM edu.curtin.oose2024s1.assignment2.message.PickUpMsg execute
INFO: Drop-Off Failed, Bike non-existent
May 28, 2024 4:07:42 PM edu.curtin.oose2024s1.assignment2.shop.Shop executeMessage
INFO: Executed a valid messsage
May 28, 2024 4:07:43 PM edu.curtin.oose2024s1.assignment2.shop.observers.DeliveryObserver observed
INFO: DeliveryCAN
May 28, 2024 4:07:43 PM edu.curtin.oose2024s1.assignment2.shop.observers.DropOffObserver observed
INFO: DropOffCAN
May 28, 2024 4:07:43 PM edu.curtin.oose2024s1.assignment2.shop.observers.PurchaseObserver observed
INFO: PurchaseCAN
May 28, 2024 4:07:43 PM edu.curtin.oose2024s1.assignment2.shop.observers.ServicingObserver observed
INFO: Executed inventory's serviceBikes()
May 28, 2024 4:07:43 PM edu.curtin.oose2024s1.assignment2.shop.Shop notifyObservers
INFO: [Shop.java.notifyObservers()] Notified observers
May 28, 2024 4:07:43 PM edu.curtin.oose2024s1.assignment2.shop.observers.DeliveryObserver observed
INFO: DeliveryCAN
May 28, 2024 4:07:43 PM edu.curtin.oose2024s1.assignment2.shop.observers.DropOffObserver observed
INFO: DropOffCAN
May 28, 2024 4:07:43 PM edu.curtin.oose2024s1.assignment2.shop.observers.PurchaseObserver observed
INFO: PurchaseCAN
May 28, 2024 4:07:43 PM edu.curtin.oose2024s1.assignment2.shop.observers.ServicingObserver observed
INFO: Executed inventory's serviceBikes()
May 28, 2024 4:07:43 PM edu.curtin.oose2024s1.assignment2.shop.Shop notifyObservers
INFO: [Shop.java.notifyObservers()] Notified observers
May 28, 2024 4:07:43 PM edu.curtin.oose2024s1.assignment2.message.Message createMessage
INFO: PurchaseInMsg created
May 28, 2024 4:07:43 PM edu.curtin.oose2024s1.assignment2.message.PurchaseInMsg execute
INFO: Purchase executed
May 28, 2024 4:07:43 PM edu.curtin.oose2024s1.assignment2.shop.Shop executeMessage
INFO: Executed a valid messsage
May 28, 2024 4:07:43 PM edu.curtin.oose2024s1.assignment2.shop.observers.DeliveryObserver observed
INFO: DeliveryCAN
May 28, 2024 4:07:43 PM edu.curtin.oose2024s1.assignment2.shop.observers.DropOffObserver observed
INFO: DropOffCAN
May 28, 2024 4:07:43 PM edu.curtin.oose2024s1.assignment2.shop.observers.PurchaseObserver observed
INFO: PurchaseCAN
May 28, 2024 4:07:43 PM edu.curtin.oose2024s1.assignment2.shop.observers.ServicingObserver observed
INFO: Executed inventory's serviceBikes()
May 28, 2024 4:07:43 PM edu.curtin.oose2024s1.assignment2.shop.Shop notifyObservers
INFO: [Shop.java.notifyObservers()] Notified observers
May 28, 2024 4:07:43 PM edu.curtin.oose2024s1.assignment2.message.Message createMessage
INFO: PurchaseInMsg created
May 28, 2024 4:07:43 PM edu.curtin.oose2024s1.assignment2.message.PurchaseInMsg execute
INFO: Purchase executed
May 28, 2024 4:07:43 PM edu.curtin.oose2024s1.assignment2.shop.Shop executeMessage
INFO: Executed a valid messsage
May 28, 2024 4:07:43 PM edu.curtin.oose2024s1.assignment2.shop.observers.DeliveryObserver observed
INFO: DeliveryCAN
May 28, 2024 4:07:43 PM edu.curtin.oose2024s1.assignment2.shop.observers.DropOffObserver observed
INFO: DropOffCAN
May 28, 2024 4:07:43 PM edu.curtin.oose2024s1.assignment2.shop.observers.PurchaseObserver observed
INFO: PurchaseCAN
May 28, 2024 4:07:43 PM edu.curtin.oose2024s1.assignment2.shop.observers.ServicingObserver observed
INFO: Executed inventory's serviceBikes()
May 28, 2024 4:07:43 PM edu.curtin.oose2024s1.assignment2.shop.Shop notifyObservers
INFO: [Shop.java.notifyObservers()] Notified observers
May 28, 2024 4:07:43 PM edu.curtin.oose2024s1.assignment2.message.Message createMessage
INFO: PurchaseInMsg created
May 28, 2024 4:07:43 PM edu.curtin.oose2024s1.assignment2.message.PurchaseInMsg execute
INFO: Purchase executed
May 28, 2024 4:07:43 PM edu.curtin.oose2024s1.assignment2.shop.Shop executeMessage
INFO: Executed a valid messsage
May 28, 2024 4:07:43 PM edu.curtin.oose2024s1.assignment2.shop.observers.DeliveryObserver observed
INFO: DeliveryCAN
May 28, 2024 4:07:43 PM edu.curtin.oose2024s1.assignment2.shop.observers.DropOffObserver observed
INFO: DropOffCAN
May 28, 2024 4:07:43 PM edu.curtin.oose2024s1.assignment2.shop.observers.PurchaseObserver observed
INFO: PurchaseCAN
May 28, 2024 4:07:43 PM edu.curtin.oose2024s1.assignment2.shop.observers.ServicingObserver observed
INFO: Executed inventory's serviceBikes()
May 28, 2024 4:07:43 PM edu.curtin.oose2024s1.assignment2.shop.Shop notifyObservers
INFO: [Shop.java.notifyObservers()] Notified observers
May 28, 2024 4:07:43 PM edu.curtin.oose2024s1.assignment2.message.Message createMessage
INFO: PurchaseInMsg created
May 28, 2024 4:07:43 PM edu.curtin.oose2024s1.assignment2.message.PurchaseInMsg execute
INFO: Purchase executed
May 28, 2024 4:07:43 PM edu.curtin.oose2024s1.assignment2.shop.Shop executeMessage
INFO: Executed a valid messsage
May 28, 2024 4:07:43 PM edu.curtin.oose2024s1.assignment2.shop.observers.DeliveryObserver observed
INFO: DeliveryCAN
May 28, 2024 4:07:43 PM edu.curtin.oose2024s1.assignment2.shop.observers.DropOffObserver observed
INFO: DropOffCAN
May 28, 2024 4:07:43 PM edu.curtin.oose2024s1.assignment2.shop.observers.PurchaseObserver observed
INFO: PurchaseCAN
May 28, 2024 4:07:43 PM edu.curtin.oose2024s1.assignment2.shop.observers.ServicingObserver observed
INFO: Executed inventory's serviceBikes()
May 28, 2024 4:07:43 PM edu.curtin.oose2024s1.assignment2.shop.Shop notifyObservers
INFO: [Shop.java.notifyObservers()] Notified observers
May 28, 2024 4:07:43 PM edu.curtin.oose2024s1.assignment2.message.Message createMessage
INFO: PurchaseInMsg created
May 28, 2024 4:07:43 PM edu.curtin.oose2024s1.assignment2.message.PurchaseInMsg execute
INFO: Purchase executed
May 28, 2024 4:07:43 PM edu.curtin.oose2024s1.assignment2.shop.Shop executeMessage
INFO: Executed a valid messsage
May 28, 2024 4:07:44 PM edu.curtin.oose2024s1.assignment2.shop.observers.PaydayObserver observed
INFO: It's Payday!
May 28, 2024 4:07:44 PM edu.curtin.oose2024s1.assignment2.shop.observers.DeliveryObserver observed
INFO: DeliveryCAN
May 28, 2024 4:07:44 PM edu.curtin.oose2024s1.assignment2.shop.observers.DropOffObserver observed
INFO: DropOffCAN
May 28, 2024 4:07:44 PM edu.curtin.oose2024s1.assignment2.shop.observers.PurchaseObserver observed
INFO: PurchaseCAN
May 28, 2024 4:07:44 PM edu.curtin.oose2024s1.assignment2.shop.observers.ServicingObserver observed
INFO: Executed inventory's serviceBikes()
May 28, 2024 4:07:44 PM edu.curtin.oose2024s1.assignment2.shop.Shop notifyObservers
INFO: [Shop.java.notifyObservers()] Notified observers
May 28, 2024 4:07:44 PM edu.curtin.oose2024s1.assignment2.shop.observers.DeliveryObserver observed
INFO: DeliveryCAN
May 28, 2024 4:07:44 PM edu.curtin.oose2024s1.assignment2.shop.observers.DropOffObserver observed
INFO: DropOffCAN
May 28, 2024 4:07:44 PM edu.curtin.oose2024s1.assignment2.shop.observers.PurchaseObserver observed
INFO: PurchaseCAN
May 28, 2024 4:07:44 PM edu.curtin.oose2024s1.assignment2.shop.observers.ServicingObserver observed
INFO: Executed inventory's serviceBikes()
May 28, 2024 4:07:44 PM edu.curtin.oose2024s1.assignment2.shop.Shop notifyObservers
INFO: [Shop.java.notifyObservers()] Notified observers
May 28, 2024 4:07:44 PM edu.curtin.oose2024s1.assignment2.message.Message createMessage
INFO: PurchaseInMsg created
May 28, 2024 4:07:44 PM edu.curtin.oose2024s1.assignment2.message.PurchaseInMsg execute
INFO: Purchase executed
May 28, 2024 4:07:44 PM edu.curtin.oose2024s1.assignment2.shop.Shop executeMessage
INFO: Executed a valid messsage
May 28, 2024 4:07:44 PM edu.curtin.oose2024s1.assignment2.shop.observers.DeliveryObserver observed
INFO: DeliveryCAN
May 28, 2024 4:07:44 PM edu.curtin.oose2024s1.assignment2.shop.observers.DropOffObserver observed
INFO: DropOffCAN
May 28, 2024 4:07:44 PM edu.curtin.oose2024s1.assignment2.shop.observers.PurchaseObserver observed
INFO: PurchaseCAN
May 28, 2024 4:07:44 PM edu.curtin.oose2024s1.assignment2.shop.observers.ServicingObserver observed
INFO: Executed inventory's serviceBikes()
May 28, 2024 4:07:44 PM edu.curtin.oose2024s1.assignment2.shop.Shop notifyObservers
INFO: [Shop.java.notifyObservers()] Notified observers
May 28, 2024 4:07:44 PM edu.curtin.oose2024s1.assignment2.message.Message createMessage
INFO: DropOffMsg created
May 28, 2024 4:07:44 PM edu.curtin.oose2024s1.assignment2.message.DropOffMsg execute
INFO: Drop-Off executed
May 28, 2024 4:07:44 PM edu.curtin.oose2024s1.assignment2.shop.Shop executeMessage
INFO: Executed a valid messsage
May 28, 2024 4:07:44 PM edu.curtin.oose2024s1.assignment2.shop.observers.DeliveryObserver observed
INFO: DeliveryCAN
May 28, 2024 4:07:44 PM edu.curtin.oose2024s1.assignment2.shop.observers.DropOffObserver observed
INFO: DropOffCAN
May 28, 2024 4:07:44 PM edu.curtin.oose2024s1.assignment2.shop.observers.PurchaseObserver observed
INFO: PurchaseCAN
May 28, 2024 4:07:44 PM edu.curtin.oose2024s1.assignment2.shop.observers.ServicingObserver observed
INFO: Executed inventory's serviceBikes()
May 28, 2024 4:07:44 PM edu.curtin.oose2024s1.assignment2.shop.Shop notifyObservers
INFO: [Shop.java.notifyObservers()] Notified observers
May 28, 2024 4:07:44 PM edu.curtin.oose2024s1.assignment2.message.Message createMessage
INFO: DropOffMsg created
May 28, 2024 4:07:44 PM edu.curtin.oose2024s1.assignment2.message.DropOffMsg execute
INFO: Drop-Off executed
May 28, 2024 4:07:44 PM edu.curtin.oose2024s1.assignment2.shop.Shop executeMessage
INFO: Executed a valid messsage
May 28, 2024 4:07:44 PM edu.curtin.oose2024s1.assignment2.shop.observers.DeliveryObserver observed
INFO: DeliveryCAN
May 28, 2024 4:07:44 PM edu.curtin.oose2024s1.assignment2.shop.observers.DropOffObserver observed
INFO: DropOffCAN
May 28, 2024 4:07:44 PM edu.curtin.oose2024s1.assignment2.shop.observers.PurchaseObserver observed
INFO: PurchaseCAN
May 28, 2024 4:07:44 PM edu.curtin.oose2024s1.assignment2.shop.observers.ServicingObserver observed
INFO: Executed inventory's serviceBikes()
May 28, 2024 4:07:44 PM edu.curtin.oose2024s1.assignment2.shop.Shop notifyObservers
INFO: [Shop.java.notifyObservers()] Notified observers
May 28, 2024 4:07:44 PM edu.curtin.oose2024s1.assignment2.message.Message createMessage
INFO: DeliveryMsg created
May 28, 2024 4:07:44 PM edu.curtin.oose2024s1.assignment2.message.PurchaseOnMsg execute
INFO: Purchase executed, bike added to pick-up
May 28, 2024 4:07:44 PM edu.curtin.oose2024s1.assignment2.shop.Shop executeMessage
INFO: Executed a valid messsage
May 28, 2024 4:07:44 PM edu.curtin.oose2024s1.assignment2.shop.observers.DeliveryObserver observed
INFO: DeliveryCAN
May 28, 2024 4:07:44 PM edu.curtin.oose2024s1.assignment2.shop.observers.DropOffObserver observed
INFO: DropOffCAN
May 28, 2024 4:07:44 PM edu.curtin.oose2024s1.assignment2.shop.observers.PurchaseObserver observed
INFO: PurchaseCAN
May 28, 2024 4:07:44 PM edu.curtin.oose2024s1.assignment2.shop.observers.ServicingObserver observed
INFO: Executed inventory's serviceBikes()
May 28, 2024 4:07:44 PM edu.curtin.oose2024s1.assignment2.shop.Shop notifyObservers
INFO: [Shop.java.notifyObservers()] Notified observers
May 28, 2024 4:07:44 PM edu.curtin.oose2024s1.assignment2.message.Message createMessage
INFO: PurchaseInMsg created
May 28, 2024 4:07:44 PM edu.curtin.oose2024s1.assignment2.message.PurchaseInMsg execute
INFO: Purchase executed
May 28, 2024 4:07:44 PM edu.curtin.oose2024s1.assignment2.shop.Shop executeMessage
INFO: Executed a valid messsage
May 28, 2024 4:07:44 PM edu.curtin.oose2024s1.assignment2.shop.observers.DeliveryObserver observed
INFO: DeliveryCAN
May 28, 2024 4:07:44 PM edu.curtin.oose2024s1.assignment2.shop.observers.DropOffObserver observed
INFO: DropOffCAN
May 28, 2024 4:07:44 PM edu.curtin.oose2024s1.assignment2.shop.observers.PurchaseObserver observed
INFO: PurchaseCAN
May 28, 2024 4:07:44 PM edu.curtin.oose2024s1.assignment2.shop.observers.ServicingObserver observed
INFO: Executed inventory's serviceBikes()
May 28, 2024 4:07:44 PM edu.curtin.oose2024s1.assignment2.shop.Shop notifyObservers
INFO: [Shop.java.notifyObservers()] Notified observers
May 28, 2024 4:07:44 PM edu.curtin.oose2024s1.assignment2.message.Message createMessage
INFO: PickUpMsg created
May 28, 2024 4:07:44 PM edu.curtin.oose2024s1.assignment2.message.PickUpMsg execute
INFO: Drop-Off Failed, Bike non-existent
May 28, 2024 4:07:44 PM edu.curtin.oose2024s1.assignment2.shop.Shop executeMessage
INFO: Executed a valid messsage
May 28, 2024 4:07:45 PM edu.curtin.oose2024s1.assignment2.shop.observers.DeliveryObserver observed
INFO: DeliveryCAN
May 28, 2024 4:07:45 PM edu.curtin.oose2024s1.assignment2.shop.observers.DropOffObserver observed
INFO: DropOffCAN
May 28, 2024 4:07:45 PM edu.curtin.oose2024s1.assignment2.shop.observers.PurchaseObserver observed
INFO: PurchaseCAN
May 28, 2024 4:07:45 PM edu.curtin.oose2024s1.assignment2.shop.observers.ServicingObserver observed
INFO: Executed inventory's serviceBikes()
May 28, 2024 4:07:45 PM edu.curtin.oose2024s1.assignment2.shop.Shop notifyObservers
INFO: [Shop.java.notifyObservers()] Notified observers
May 28, 2024 4:07:46 PM edu.curtin.oose2024s1.assignment2.shop.observers.DeliveryObserver observed
INFO: DeliveryCAN
May 28, 2024 4:07:46 PM edu.curtin.oose2024s1.assignment2.shop.observers.DropOffObserver observed
INFO: DropOffCAN
May 28, 2024 4:07:46 PM edu.curtin.oose2024s1.assignment2.shop.observers.PurchaseObserver observed
INFO: PurchaseCAN
May 28, 2024 4:07:46 PM edu.curtin.oose2024s1.assignment2.shop.observers.ServicingObserver observed
INFO: Executed inventory's serviceBikes()
May 28, 2024 4:07:46 PM edu.curtin.oose2024s1.assignment2.shop.Shop notifyObservers
INFO: [Shop.java.notifyObservers()] Notified observers
May 28, 2024 4:07:46 PM edu.curtin.oose2024s1.assignment2.shop.observers.DeliveryObserver observed
INFO: DeliveryCAN
May 28, 2024 4:07:46 PM edu.curtin.oose2024s1.assignment2.shop.observers.DropOffObserver observed
INFO: DropOffCAN
May 28, 2024 4:07:46 PM edu.curtin.oose2024s1.assignment2.shop.observers.PurchaseObserver observed
INFO: PurchaseCAN
May 28, 2024 4:07:46 PM edu.curtin.oose2024s1.assignment2.shop.observers.ServicingObserver observed
INFO: Executed inventory's serviceBikes()
May 28, 2024 4:07:46 PM edu.curtin.oose2024s1.assignment2.shop.Shop notifyObservers
INFO: [Shop.java.notifyObservers()] Notified observers
May 28, 2024 4:07:46 PM edu.curtin.oose2024s1.assignment2.message.Message createMessage
INFO: PickUpMsg created
May 28, 2024 4:07:46 PM edu.curtin.oose2024s1.assignment2.message.PickUpMsg execute
INFO: Pick Up executed
May 28, 2024 4:07:46 PM edu.curtin.oose2024s1.assignment2.shop.Shop executeMessage
INFO: Executed a valid messsage
May 28, 2024 4:07:47 PM edu.curtin.oose2024s1.assignment2.shop.observers.DeliveryObserver observed
INFO: DeliveryCAN
May 28, 2024 4:07:47 PM edu.curtin.oose2024s1.assignment2.shop.observers.DropOffObserver observed
INFO: DropOffCAN
May 28, 2024 4:07:47 PM edu.curtin.oose2024s1.assignment2.shop.observers.PurchaseObserver observed
INFO: PurchaseCAN
May 28, 2024 4:07:47 PM edu.curtin.oose2024s1.assignment2.shop.observers.ServicingObserver observed
INFO: Executed inventory's serviceBikes()
May 28, 2024 4:07:47 PM edu.curtin.oose2024s1.assignment2.shop.Shop notifyObservers
INFO: [Shop.java.notifyObservers()] Notified observers
May 28, 2024 4:07:48 PM edu.curtin.oose2024s1.assignment2.shop.observers.DeliveryObserver observed
INFO: DeliveryCAN
May 28, 2024 4:07:48 PM edu.curtin.oose2024s1.assignment2.shop.observers.DropOffObserver observed
INFO: DropOffCAN
May 28, 2024 4:07:48 PM edu.curtin.oose2024s1.assignment2.shop.observers.PurchaseObserver observed
INFO: PurchaseCAN
May 28, 2024 4:07:48 PM edu.curtin.oose2024s1.assignment2.shop.observers.ServicingObserver observed
INFO: Executed inventory's serviceBikes()
May 28, 2024 4:07:48 PM edu.curtin.oose2024s1.assignment2.shop.Shop notifyObservers
INFO: [Shop.java.notifyObservers()] Notified observers
May 28, 2024 4:07:48 PM edu.curtin.oose2024s1.assignment2.shop.observers.DeliveryObserver observed
INFO: DeliveryCAN
May 28, 2024 4:07:48 PM edu.curtin.oose2024s1.assignment2.shop.observers.DropOffObserver observed
INFO: DropOffCAN
May 28, 2024 4:07:48 PM edu.curtin.oose2024s1.assignment2.shop.observers.PurchaseObserver observed
INFO: PurchaseCAN
May 28, 2024 4:07:48 PM edu.curtin.oose2024s1.assignment2.shop.observers.ServicingObserver observed
INFO: Executed inventory's serviceBikes()
May 28, 2024 4:07:48 PM edu.curtin.oose2024s1.assignment2.shop.Shop notifyObservers
INFO: [Shop.java.notifyObservers()] Notified observers
May 28, 2024 4:07:48 PM edu.curtin.oose2024s1.assignment2.message.Message createMessage
INFO: DeliveryMsg created
May 28, 2024 4:07:48 PM edu.curtin.oose2024s1.assignment2.message.PurchaseOnMsg execute
INFO: Purchase executed, bike added to pick-up
May 28, 2024 4:07:48 PM edu.curtin.oose2024s1.assignment2.shop.Shop executeMessage
INFO: Executed a valid messsage
May 28, 2024 4:07:48 PM edu.curtin.oose2024s1.assignment2.shop.observers.DeliveryObserver observed
INFO: DeliveryCAN
May 28, 2024 4:07:48 PM edu.curtin.oose2024s1.assignment2.shop.observers.DropOffObserver observed
INFO: DropOffCAN
May 28, 2024 4:07:48 PM edu.curtin.oose2024s1.assignment2.shop.observers.PurchaseObserver observed
INFO: PurchaseCAN
May 28, 2024 4:07:48 PM edu.curtin.oose2024s1.assignment2.shop.observers.ServicingObserver observed
INFO: Executed inventory's serviceBikes()
May 28, 2024 4:07:48 PM edu.curtin.oose2024s1.assignment2.shop.Shop notifyObservers
INFO: [Shop.java.notifyObservers()] Notified observers
May 28, 2024 4:07:48 PM edu.curtin.oose2024s1.assignment2.message.Message createMessage
INFO: PickUpMsg created
May 28, 2024 4:07:48 PM edu.curtin.oose2024s1.assignment2.message.PickUpMsg execute
INFO: Pick Up executed
May 28, 2024 4:07:48 PM edu.curtin.oose2024s1.assignment2.shop.Shop executeMessage
INFO: Executed a valid messsage
May 28, 2024 4:07:49 PM edu.curtin.oose2024s1.assignment2.shop.observers.DeliveryObserver observed
INFO: DeliveryCAN
May 28, 2024 4:07:49 PM edu.curtin.oose2024s1.assignment2.shop.observers.DropOffObserver observed
INFO: DropOffCAN
May 28, 2024 4:07:49 PM edu.curtin.oose2024s1.assignment2.shop.observers.PurchaseObserver observed
INFO: PurchaseCAN
May 28, 2024 4:07:49 PM edu.curtin.oose2024s1.assignment2.shop.observers.ServicingObserver observed
INFO: Executed inventory's serviceBikes()
May 28, 2024 4:07:49 PM edu.curtin.oose2024s1.assignment2.shop.Shop notifyObservers
INFO: [Shop.java.notifyObservers()] Notified observers
May 28, 2024 4:07:50 PM edu.curtin.oose2024s1.assignment2.shop.observers.DeliveryObserver observed
INFO: DeliveryCAN
May 28, 2024 4:07:50 PM edu.curtin.oose2024s1.assignment2.shop.observers.DropOffObserver observed
INFO: DropOffCAN
May 28, 2024 4:07:50 PM edu.curtin.oose2024s1.assignment2.shop.observers.PurchaseObserver observed
INFO: PurchaseCAN
May 28, 2024 4:07:50 PM edu.curtin.oose2024s1.assignment2.shop.observers.ServicingObserver observed
INFO: Executed inventory's serviceBikes()
May 28, 2024 4:07:50 PM edu.curtin.oose2024s1.assignment2.shop.Shop notifyObservers
INFO: [Shop.java.notifyObservers()] Notified observers
May 28, 2024 4:07:50 PM edu.curtin.oose2024s1.assignment2.shop.observers.DeliveryObserver observed
INFO: DeliveryCAN
May 28, 2024 4:07:50 PM edu.curtin.oose2024s1.assignment2.shop.observers.DropOffObserver observed
INFO: DropOffCAN
May 28, 2024 4:07:50 PM edu.curtin.oose2024s1.assignment2.shop.observers.PurchaseObserver observed
INFO: PurchaseCAN
May 28, 2024 4:07:50 PM edu.curtin.oose2024s1.assignment2.shop.observers.ServicingObserver observed
INFO: Executed inventory's serviceBikes()
May 28, 2024 4:07:50 PM edu.curtin.oose2024s1.assignment2.shop.Shop notifyObservers
INFO: [Shop.java.notifyObservers()] Notified observers
May 28, 2024 4:07:50 PM edu.curtin.oose2024s1.assignment2.message.Message createMessage
INFO: PurchaseInMsg created
May 28, 2024 4:07:50 PM edu.curtin.oose2024s1.assignment2.message.PurchaseInMsg execute
INFO: Purchase executed
May 28, 2024 4:07:50 PM edu.curtin.oose2024s1.assignment2.shop.Shop executeMessage
INFO: Executed a valid messsage
May 28, 2024 4:07:50 PM edu.curtin.oose2024s1.assignment2.shop.observers.DeliveryObserver observed
INFO: DeliveryCAN
May 28, 2024 4:07:50 PM edu.curtin.oose2024s1.assignment2.shop.observers.DropOffObserver observed
INFO: DropOffCAN
May 28, 2024 4:07:50 PM edu.curtin.oose2024s1.assignment2.shop.observers.PurchaseObserver observed
INFO: PurchaseCAN
May 28, 2024 4:07:50 PM edu.curtin.oose2024s1.assignment2.shop.observers.ServicingObserver observed
INFO: Executed inventory's serviceBikes()
May 28, 2024 4:07:50 PM edu.curtin.oose2024s1.assignment2.shop.Shop notifyObservers
INFO: [Shop.java.notifyObservers()] Notified observers
May 28, 2024 4:07:50 PM edu.curtin.oose2024s1.assignment2.message.Message createMessage
INFO: PurchaseInMsg created
May 28, 2024 4:07:50 PM edu.curtin.oose2024s1.assignment2.message.PurchaseInMsg execute
INFO: Purchase executed
May 28, 2024 4:07:50 PM edu.curtin.oose2024s1.assignment2.shop.Shop executeMessage
INFO: Executed a valid messsage
May 28, 2024 4:07:50 PM edu.curtin.oose2024s1.assignment2.shop.observers.DeliveryObserver observed
INFO: DeliveryCAN
May 28, 2024 4:07:50 PM edu.curtin.oose2024s1.assignment2.shop.observers.DropOffObserver observed
INFO: DropOffCAN
May 28, 2024 4:07:50 PM edu.curtin.oose2024s1.assignment2.shop.observers.PurchaseObserver observed
INFO: PurchaseCAN
May 28, 2024 4:07:50 PM edu.curtin.oose2024s1.assignment2.shop.observers.ServicingObserver observed
INFO: Executed inventory's serviceBikes()
May 28, 2024 4:07:50 PM edu.curtin.oose2024s1.assignment2.shop.Shop notifyObservers
INFO: [Shop.java.notifyObservers()] Notified observers
May 28, 2024 4:07:50 PM edu.curtin.oose2024s1.assignment2.message.Message createMessage
INFO: PurchaseInMsg created
May 28, 2024 4:07:50 PM edu.curtin.oose2024s1.assignment2.message.PurchaseInMsg execute
INFO: Purchase executed
May 28, 2024 4:07:50 PM edu.curtin.oose2024s1.assignment2.shop.Shop executeMessage
INFO: Executed a valid messsage
May 28, 2024 4:07:50 PM edu.curtin.oose2024s1.assignment2.shop.observers.DeliveryObserver observed
INFO: DeliveryCAN
May 28, 2024 4:07:50 PM edu.curtin.oose2024s1.assignment2.shop.observers.DropOffObserver observed
INFO: DropOffCAN
May 28, 2024 4:07:50 PM edu.curtin.oose2024s1.assignment2.shop.observers.PurchaseObserver observed
INFO: PurchaseCAN
May 28, 2024 4:07:50 PM edu.curtin.oose2024s1.assignment2.shop.observers.ServicingObserver observed
INFO: Executed inventory's serviceBikes()
May 28, 2024 4:07:50 PM edu.curtin.oose2024s1.assignment2.shop.Shop notifyObservers
INFO: [Shop.java.notifyObservers()] Notified observers
May 28, 2024 4:07:50 PM edu.curtin.oose2024s1.assignment2.message.Message createMessage
INFO: PurchaseInMsg created
May 28, 2024 4:07:50 PM edu.curtin.oose2024s1.assignment2.message.PurchaseInMsg execute
INFO: Purchase executed
May 28, 2024 4:07:50 PM edu.curtin.oose2024s1.assignment2.shop.Shop executeMessage
INFO: Executed a valid messsage
May 28, 2024 4:07:50 PM edu.curtin.oose2024s1.assignment2.shop.observers.DeliveryObserver observed
INFO: DeliveryCAN
May 28, 2024 4:07:50 PM edu.curtin.oose2024s1.assignment2.shop.observers.DropOffObserver observed
INFO: DropOffCAN
May 28, 2024 4:07:50 PM edu.curtin.oose2024s1.assignment2.shop.observers.PurchaseObserver observed
INFO: PurchaseCAN
May 28, 2024 4:07:50 PM edu.curtin.oose2024s1.assignment2.shop.observers.ServicingObserver observed
INFO: Executed inventory's serviceBikes()
May 28, 2024 4:07:50 PM edu.curtin.oose2024s1.assignment2.shop.Shop notifyObservers
INFO: [Shop.java.notifyObservers()] Notified observers
May 28, 2024 4:07:50 PM edu.curtin.oose2024s1.assignment2.message.Message createMessage
INFO: PurchaseInMsg created
May 28, 2024 4:07:50 PM edu.curtin.oose2024s1.assignment2.message.PurchaseInMsg execute
INFO: Purchase executed
May 28, 2024 4:07:50 PM edu.curtin.oose2024s1.assignment2.shop.Shop executeMessage
INFO: Executed a valid messsage
May 28, 2024 4:07:51 PM edu.curtin.oose2024s1.assignment2.shop.observers.PaydayObserver observed
INFO: It's Payday!
May 28, 2024 4:07:51 PM edu.curtin.oose2024s1.assignment2.shop.observers.DeliveryObserver observed
INFO: DeliveryCAN
May 28, 2024 4:07:51 PM edu.curtin.oose2024s1.assignment2.shop.observers.DropOffObserver observed
INFO: DropOffCAN
May 28, 2024 4:07:51 PM edu.curtin.oose2024s1.assignment2.shop.observers.PurchaseObserver observed
INFO: PurchaseCAN
May 28, 2024 4:07:51 PM edu.curtin.oose2024s1.assignment2.shop.observers.ServicingObserver observed
INFO: Executed inventory's serviceBikes()
May 28, 2024 4:07:51 PM edu.curtin.oose2024s1.assignment2.shop.Shop notifyObservers
INFO: [Shop.java.notifyObservers()] Notified observers
May 28, 2024 4:07:52 PM edu.curtin.oose2024s1.assignment2.shop.observers.DeliveryObserver observed
INFO: DeliveryCAN
May 28, 2024 4:07:52 PM edu.curtin.oose2024s1.assignment2.shop.observers.DropOffObserver observed
INFO: DropOffCAN
May 28, 2024 4:07:52 PM edu.curtin.oose2024s1.assignment2.shop.observers.PurchaseObserver observed
INFO: PurchaseCAN
May 28, 2024 4:07:52 PM edu.curtin.oose2024s1.assignment2.shop.observers.ServicingObserver observed
INFO: Executed inventory's serviceBikes()
May 28, 2024 4:07:52 PM edu.curtin.oose2024s1.assignment2.shop.Shop notifyObservers
INFO: [Shop.java.notifyObservers()] Notified observers
May 28, 2024 4:07:52 PM edu.curtin.oose2024s1.assignment2.shop.observers.DeliveryObserver observed
INFO: DeliveryCAN
May 28, 2024 4:07:52 PM edu.curtin.oose2024s1.assignment2.shop.observers.DropOffObserver observed
INFO: DropOffCAN
May 28, 2024 4:07:52 PM edu.curtin.oose2024s1.assignment2.shop.observers.PurchaseObserver observed
INFO: PurchaseCAN
May 28, 2024 4:07:52 PM edu.curtin.oose2024s1.assignment2.shop.observers.ServicingObserver observed
INFO: Executed inventory's serviceBikes()
May 28, 2024 4:07:52 PM edu.curtin.oose2024s1.assignment2.shop.Shop notifyObservers
INFO: [Shop.java.notifyObservers()] Notified observers
May 28, 2024 4:07:52 PM edu.curtin.oose2024s1.assignment2.message.Message createMessage
INFO: DeliveryMsg created
May 28, 2024 4:07:52 PM edu.curtin.oose2024s1.assignment2.message.PurchaseOnMsg execute
INFO: Purchase executed, bike added to pick-up
May 28, 2024 4:07:52 PM edu.curtin.oose2024s1.assignment2.shop.Shop executeMessage
INFO: Executed a valid messsage
May 28, 2024 4:07:52 PM edu.curtin.oose2024s1.assignment2.shop.observers.DeliveryObserver observed
INFO: DeliveryCAN
May 28, 2024 4:07:52 PM edu.curtin.oose2024s1.assignment2.shop.observers.DropOffObserver observed
INFO: DropOffCAN
May 28, 2024 4:07:52 PM edu.curtin.oose2024s1.assignment2.shop.observers.PurchaseObserver observed
INFO: PurchaseCAN
May 28, 2024 4:07:52 PM edu.curtin.oose2024s1.assignment2.shop.observers.ServicingObserver observed
INFO: Executed inventory's serviceBikes()
May 28, 2024 4:07:52 PM edu.curtin.oose2024s1.assignment2.shop.Shop notifyObservers
INFO: [Shop.java.notifyObservers()] Notified observers
May 28, 2024 4:07:52 PM edu.curtin.oose2024s1.assignment2.message.Message createMessage
INFO: PurchaseInMsg created
May 28, 2024 4:07:52 PM edu.curtin.oose2024s1.assignment2.message.PurchaseInMsg execute
INFO: Purchase executed
May 28, 2024 4:07:52 PM edu.curtin.oose2024s1.assignment2.shop.Shop executeMessage
INFO: Executed a valid messsage
